16:43:02.180 [TestNG-tests-1] INFO  testCases.TC001_AccountRegistrationTest.verifyRegistration(TC001_AccountRegistrationTest.java:15)oggger -  ************* Starting TC001_AccountRegistrationTest ************ 
16:43:02.266 [TestNG-tests-1] INFO  testCases.TC001_AccountRegistrationTest.verifyRegistration(TC001_AccountRegistrationTest.java:18)oggger -  ** Clicked on Register Link **
16:43:02.401 [TestNG-tests-1] INFO  testCases.TC001_AccountRegistrationTest.verifyRegistration(TC001_AccountRegistrationTest.java:23)oggger -  ** Provide all the details **
16:43:09.968 [TestNG-tests-1] INFO  testCases.TC001_AccountRegistrationTest.verifyRegistration(TC001_AccountRegistrationTest.java:38)oggger -  ** Validating expected result **
16:43:14.656 [TestNG-tests-1] INFO  testCases.TC001_AccountRegistrationTest.verifyRegistration(TC001_AccountRegistrationTest.java:43)oggger -  ************* Completed TC001_AccountRegistrationTest ************ 
16:44:11.194 [main] DEBUG org.testng.log4testng.Logger.debug(Logger.java:82)oggger - suiteXmlPath: "C:\Users\ckuma\javarepos\Swingpay1\src\test\resources\crossbrowsertesting.xml"
16:44:11.506 [main] INFO  org.testng.log4testng.Logger.info(Logger.java:112)oggger - [TestNG] Running:
  C:\Users\ckuma\javarepos\Swingpay1\src\test\resources\crossbrowsertesting.xml

16:44:26.321 [TestNG-tests-1] INFO  testCases.TC001_AccountRegistrationTest.verifyRegistration(TC001_AccountRegistrationTest.java:15)oggger -  ************* Starting TC001_AccountRegistrationTest ************ 
16:44:26.316 [TestNG-tests-2] INFO  testCases.TC001_AccountRegistrationTest.verifyRegistration(TC001_AccountRegistrationTest.java:15)oggger -  ************* Starting TC001_AccountRegistrationTest ************ 
16:44:26.377 [TestNG-tests-1] INFO  testCases.TC001_AccountRegistrationTest.verifyRegistration(TC001_AccountRegistrationTest.java:18)oggger -  ** Clicked on Register Link **
16:44:26.377 [TestNG-tests-2] INFO  testCases.TC001_AccountRegistrationTest.verifyRegistration(TC001_AccountRegistrationTest.java:18)oggger -  ** Clicked on Register Link **
16:44:26.692 [TestNG-tests-2] INFO  testCases.TC001_AccountRegistrationTest.verifyRegistration(TC001_AccountRegistrationTest.java:23)oggger -  ** Provide all the details **
16:44:26.741 [TestNG-tests-1] INFO  testCases.TC001_AccountRegistrationTest.verifyRegistration(TC001_AccountRegistrationTest.java:23)oggger -  ** Provide all the details **
16:44:32.326 [TestNG-tests-1] INFO  testCases.TC001_AccountRegistrationTest.verifyRegistration(TC001_AccountRegistrationTest.java:38)oggger -  ** Validating expected result **
16:44:32.757 [TestNG-tests-2] INFO  testCases.TC001_AccountRegistrationTest.verifyRegistration(TC001_AccountRegistrationTest.java:38)oggger -  ** Validating expected result **
16:45:06.697 [main] DEBUG org.testng.log4testng.Logger.debug(Logger.java:82)oggger - suiteXmlPath: "C:\Users\ckuma\javarepos\Swingpay1\src\test\resources\crossbrowsertesting.xml"
16:45:07.024 [main] INFO  org.testng.log4testng.Logger.info(Logger.java:112)oggger - [TestNG] Running:
  C:\Users\ckuma\javarepos\Swingpay1\src\test\resources\crossbrowsertesting.xml

16:45:20.025 [TestNG-tests-2] INFO  testCases.TC001_AccountRegistrationTest.verifyRegistration(TC001_AccountRegistrationTest.java:15)oggger -  ************* Starting TC001_AccountRegistrationTest ************ 
16:45:20.081 [TestNG-tests-2] INFO  testCases.TC001_AccountRegistrationTest.verifyRegistration(TC001_AccountRegistrationTest.java:18)oggger -  ** Clicked on Register Link **
16:45:23.513 [TestNG-tests-1] INFO  testCases.TC001_AccountRegistrationTest.verifyRegistration(TC001_AccountRegistrationTest.java:15)oggger -  ************* Starting TC001_AccountRegistrationTest ************ 
16:45:23.514 [TestNG-tests-1] INFO  testCases.TC001_AccountRegistrationTest.verifyRegistration(TC001_AccountRegistrationTest.java:18)oggger -  ** Clicked on Register Link **
16:45:23.686 [TestNG-tests-2] INFO  testCases.TC001_AccountRegistrationTest.verifyRegistration(TC001_AccountRegistrationTest.java:23)oggger -  ** Provide all the details **
16:45:23.751 [TestNG-tests-1] INFO  testCases.TC001_AccountRegistrationTest.verifyRegistration(TC001_AccountRegistrationTest.java:23)oggger -  ** Provide all the details **
16:45:26.000 [TestNG-tests-1] INFO  testCases.TC001_AccountRegistrationTest.verifyRegistration(TC001_AccountRegistrationTest.java:38)oggger -  ** Validating expected result **
16:45:26.227 [TestNG-tests-2] INFO  testCases.TC001_AccountRegistrationTest.verifyRegistration(TC001_AccountRegistrationTest.java:38)oggger -  ** Validating expected result **
16:46:02.826 [main] DEBUG org.testng.log4testng.Logger.debug(Logger.java:82)oggger - suiteXmlPath: "C:\Users\ckuma\javarepos\Swingpay1\src\test\resources\crossbrowsertesting.xml"
16:46:03.223 [main] INFO  org.testng.log4testng.Logger.info(Logger.java:112)oggger - [TestNG] Running:
  C:\Users\ckuma\javarepos\Swingpay1\src\test\resources\crossbrowsertesting.xml

16:46:13.364 [TestNG-tests-2] INFO  testCases.TC001_AccountRegistrationTest.verifyRegistration(TC001_AccountRegistrationTest.java:15)oggger -  ************* Starting TC001_AccountRegistrationTest ************ 
