17:54:35.645 [main] DEBUG org.apache.poi.openxml4j.opc.PackageRelationshipCollection.parseRelationshipsPart(PackageRelationshipCollection.java:307)oggger - Parsing relationship: /xl/_rels/workbook.xml.rels
17:54:35.658 [main] DEBUG org.apache.poi.openxml4j.opc.PackageRelationshipCollection.parseRelationshipsPart(PackageRelationshipCollection.java:307)oggger - Parsing relationship: /_rels/.rels
17:54:35.729 [main] DEBUG org.apache.poi.openxml4j.opc.PackageRelationshipCollection.parseRelationshipsPart(PackageRelationshipCollection.java:307)oggger - Parsing relationship: /xl/_rels/workbook.xml.rels
17:54:35.735 [main] DEBUG org.apache.poi.openxml4j.opc.PackageRelationshipCollection.parseRelationshipsPart(PackageRelationshipCollection.java:307)oggger - Parsing relationship: /_rels/.rels
17:54:35.793 [main] DEBUG org.apache.poi.openxml4j.opc.PackageRelationshipCollection.parseRelationshipsPart(PackageRelationshipCollection.java:307)oggger - Parsing relationship: /xl/_rels/workbook.xml.rels
17:54:35.795 [main] DEBUG org.apache.poi.openxml4j.opc.PackageRelationshipCollection.parseRelationshipsPart(PackageRelationshipCollection.java:307)oggger - Parsing relationship: /_rels/.rels
17:54:35.843 [main] DEBUG org.apache.poi.openxml4j.opc.PackageRelationshipCollection.parseRelationshipsPart(PackageRelationshipCollection.java:307)oggger - Parsing relationship: /xl/_rels/workbook.xml.rels
17:54:35.845 [main] DEBUG org.apache.poi.openxml4j.opc.PackageRelationshipCollection.parseRelationshipsPart(PackageRelationshipCollection.java:307)oggger - Parsing relationship: /_rels/.rels
17:54:35.875 [main] DEBUG org.apache.poi.openxml4j.opc.PackageRelationshipCollection.parseRelationshipsPart(PackageRelationshipCollection.java:307)oggger - Parsing relationship: /xl/_rels/workbook.xml.rels
17:54:35.876 [main] DEBUG org.apache.poi.openxml4j.opc.PackageRelationshipCollection.parseRelationshipsPart(PackageRelationshipCollection.java:307)oggger - Parsing relationship: /_rels/.rels
17:54:35.909 [main] DEBUG org.apache.poi.openxml4j.opc.PackageRelationshipCollection.parseRelationshipsPart(PackageRelationshipCollection.java:307)oggger - Parsing relationship: /xl/_rels/workbook.xml.rels
17:54:35.911 [main] DEBUG org.apache.poi.openxml4j.opc.PackageRelationshipCollection.parseRelationshipsPart(PackageRelationshipCollection.java:307)oggger - Parsing relationship: /_rels/.rels
17:54:35.967 [main] INFO  testCases.TC003_LoginDataDriven.ValidLoginTest(TC003_LoginDataDriven.java:15)oggger -  ************* Starting TC002_LOGINTest ************ 
17:54:36.042 [main] INFO  testCases.TC003_LoginDataDriven.ValidLoginTest(TC003_LoginDataDriven.java:19)oggger -  ** Clicked on login Link **
17:54:36.850 [main] INFO  testCases.TC003_LoginDataDriven.ValidLoginTest(TC003_LoginDataDriven.java:26)oggger -  ** Provide all the details **
17:54:37.884 [main] INFO  testCases.TC003_LoginDataDriven.ValidLoginTest(TC003_LoginDataDriven.java:33)oggger -  ** Validating expected result **
17:54:44.848 [main] INFO  testCases.TC003_LoginDataDriven.ValidLoginTest(TC003_LoginDataDriven.java:67)oggger -  ************* Completed TC003_LoginTest ************ 
17:54:44.866 [main] INFO  testCases.TC003_LoginDataDriven.ValidLoginTest(TC003_LoginDataDriven.java:15)oggger -  ************* Starting TC002_LOGINTest ************ 
17:54:44.872 [main] INFO  testCases.TC003_LoginDataDriven.ValidLoginTest(TC003_LoginDataDriven.java:19)oggger -  ** Clicked on login Link **
17:54:54.939 [main] INFO  testCases.TC003_LoginDataDriven.ValidLoginTest(TC003_LoginDataDriven.java:15)oggger -  ************* Starting TC002_LOGINTest ************ 
17:54:54.940 [main] INFO  testCases.TC003_LoginDataDriven.ValidLoginTest(TC003_LoginDataDriven.java:19)oggger -  ** Clicked on login Link **
18:07:56.184 [main] DEBUG org.apache.poi.openxml4j.opc.PackageRelationshipCollection.parseRelationshipsPart(PackageRelationshipCollection.java:307)oggger - Parsing relationship: /xl/_rels/workbook.xml.rels
18:07:56.214 [main] DEBUG org.apache.poi.openxml4j.opc.PackageRelationshipCollection.parseRelationshipsPart(PackageRelationshipCollection.java:307)oggger - Parsing relationship: /_rels/.rels
18:08:00.974 [main] DEBUG org.apache.poi.openxml4j.opc.PackageRelationshipCollection.parseRelationshipsPart(PackageRelationshipCollection.java:307)oggger - Parsing relationship: /xl/_rels/workbook.xml.rels
18:08:00.978 [main] DEBUG org.apache.poi.openxml4j.opc.PackageRelationshipCollection.parseRelationshipsPart(PackageRelationshipCollection.java:307)oggger - Parsing relationship: /_rels/.rels
18:08:01.022 [main] DEBUG org.apache.poi.openxml4j.opc.PackageRelationshipCollection.parseRelationshipsPart(PackageRelationshipCollection.java:307)oggger - Parsing relationship: /xl/_rels/workbook.xml.rels
18:08:01.024 [main] DEBUG org.apache.poi.openxml4j.opc.PackageRelationshipCollection.parseRelationshipsPart(PackageRelationshipCollection.java:307)oggger - Parsing relationship: /_rels/.rels
18:08:01.080 [main] DEBUG org.apache.poi.openxml4j.opc.PackageRelationshipCollection.parseRelationshipsPart(PackageRelationshipCollection.java:307)oggger - Parsing relationship: /xl/_rels/workbook.xml.rels
